

Sent in levelup(707441351784136726)

GG <@!620712929850949644>, you just advanced to level 1!

Sent in levelup(707441351784136726)

GG <@!390145465322176512>, you just advanced to level 3!

Sent in levelup(707441351784136726)

GG <@!574340242815844353>, you just advanced to level 1!

Sent in levelup(707441351784136726)

GG <@!475149822366580744>, you just advanced to level 25!

Sent in admin-issues(705283503163572256)



Sent in admin-issues(705283503163572256)



Sent in admin-issues(705283503163572256)



Sent in admin-issues(705283503163572256)

Dank Memer: https://invite.dankmemer.lol

Sent in admin-issues(705283503163572256)

Dank Memer Official: https://discord.gg/meme

Sent in levelup(707441351784136726)

GG <@!605386025921019934>, you just advanced to level 1!

Sent in levelup(707441351784136726)

GG <@!384482634040082443>, you just advanced to level 1!

Sent in levelup(707441351784136726)

GG <@!483281125418991638>, you just advanced to level 9!

Sent in ⬆levelup(707441351784136726)

GG <@!664332634981400576>, you just advanced to level 28!

Sent in ❗admin-issues(705283503163572256)

Dank Memer Official: https://discord.gg/meme

Sent in 🤖other-bot-commands(704840766656348176)

