

Sent in dank-memer-no-cd(696919950488633435)

alt to the rescue!

Sent in dank-memer-no-cd(696919950488633435)

.clearwarn <@!475149822366580744>

Sent in dank-memer-no-cd(696919950488633435)

...

Sent in dank-memer-no-cd(696919950488633435)

hold on

Sent in dank-memer-no-cd(696919950488633435)

.clearwarn <@!475149822366580744>

Sent in dank-memer-no-cd(696919950488633435)

<@!664332634981400576>

Sent in dank-memer-no-cd(696919950488633435)

help

Sent in dank-memer-no-cd(696919950488633435)

unless i wipe all the bot data...

Sent in modlog(685110052474191882)

>clearwarn <@!475149822366580744>

Sent in dank-memer-no-cd(696919950488633435)

<@!664332634981400576>

Sent in dank-memer-no-cd(696919950488633435)

<@!664332634981400576>

Sent in dank-memer-no-cd(696919950488633435)

help

Sent in dank-memer-no-cd(696919950488633435)

nvm i'll wipe the bot data clean off