Ronzilla0#2117 (620712929850949644) left at '5-19-2020 9:14:14'.
Account creation date: Tue Sep 10 2019 04:11:34 GMT+0800 (Singapore Standard Time)
Current guild user count: 155

HoodIsDumb#0125 (483064233999728650) left at '5-19-2020 12:42:38'.
Account creation date: Sun Aug 26 2018 08:04:48 GMT+0800 (Singapore Standard Time)
Current guild user count: 154

Randy#6771 (685510558581391440) left at '5-19-2020 14:9:13'.
Account creation date: Fri Mar 06 2020 23:34:13 GMT+0800 (Singapore Standard Time)
Current guild user count: 154

PureParadice#5891 (678804751936258048) left at '5-19-2020 14:10:15'.
Account creation date: Mon Feb 17 2020 11:27:44 GMT+0800 (Singapore Standard Time)
Current guild user count: 153

itz Crazzyy cuh#0035 (505570592523681804) left at '5-19-2020 14:10:38'.
Account creation date: Sat Oct 27 2018 10:37:02 GMT+0800 (Singapore Standard Time)
Current guild user count: 152

Chicken#0971 (313817119303139329) left at '5-19-2020 14:10:55'.
Account creation date: Tue May 16 2017 07:17:11 GMT+0800 (Singapore Standard Time)
Current guild user count: 151

â™¡Jeanâ™¡#7734 (697982913140228216) left at '5-19-2020 15:43:10'.
Account creation date: Fri Apr 10 2020 09:34:54 GMT+0800 (Singapore Standard Time)
Current guild user count: 150

Frostyãƒ„#7777 (644962550164750376) left at '5-19-2020 20:58:50'.
Account creation date: Sat Nov 16 2019 02:10:54 GMT+0800 (Singapore Standard Time)
Current guild user count: 149

Panda Girl#2577 (577335651167502340) left at '5-19-2020 21:2:33'.
Account creation date: Mon May 13 2019 11:25:45 GMT+0800 (Singapore Standard Time)
Current guild user count: 148

ğ—ğ—²ğ˜‡ğ—¶ğ—®ğ—µ#0902 (682770892274532382) left at '5-20-2020 9:38:37'.
Account creation date: Fri Feb 28 2020 10:07:45 GMT+0800 (Singapore Standard Time)
Current guild user count: 146

greensheepfake#7259 (342603336706424834) left at '5-20-2020 10:25:41'.
Account creation date: Thu Aug 03 2017 17:43:20 GMT+0800 (Singapore Standard Time)
Current guild user count: 145

OofmasteR#3948 (462522707125469195) left at '5-20-2020 14:33:24'.
Account creation date: Sat Jun 30 2018 15:40:06 GMT+0800 (Singapore Standard Time)
Current guild user count: 144

M66#5509 (598471851399970827) left at '5-20-2020 14:42:6'.
Account creation date: Wed Jul 10 2019 19:13:28 GMT+0800 (Singapore Standard Time)
Current guild user count: 143

X_Yasin le mexico man#9281 (434972780598001694) left at '5-20-2020 14:43:20'.
Account creation date: Sun Apr 15 2018 15:06:32 GMT+0800 (Singapore Standard Time)
Current guild user count: 142

â„‚ğ•–ğ•–â™¡â„™ğ•–ğ•£ğ•—ğ•–ğ•”ğ•¥#9640 (700635813309972531) left at '5-20-2020 15:11:25'.
Account creation date: Fri Apr 17 2020 17:16:35 GMT+0800 (Singapore Standard Time)
Current guild user count: 141

Francesco#2448 (444782453765308416) left at '5-20-2020 16:17:44'.
Account creation date: Sat May 12 2018 16:46:40 GMT+0800 (Singapore Standard Time)
Current guild user count: 140

Not Quite Nitro#3684 (559426966151757824) left at '5-20-2020 17:9:49'.
Account creation date: Mon Mar 25 2019 01:23:02 GMT+0800 (Singapore Standard Time)
Current guild user count: 139

!â¤ÍŸÍŸÍâ˜…RAZÎR || Tic042_Friendly.#3214 (454683961420021762) left at '5-20-2020 20:40:3'.
Account creation date: Sat Jun 09 2018 00:31:44 GMT+0800 (Singapore Standard Time)
Current guild user count: 137

áƒ¦ Park Jimin áƒ¦#0001 (577820665839878164) left at '5-21-2020 16:48:6'.
Account creation date: Tue May 14 2019 19:33:02 GMT+0800 (Singapore Standard Time)
Current guild user count: 135

